2025-05-08 18:42:20 [INFO] Ticket gerado: ADEF9873 - Placa: TKZ5728
2025-05-08 18:42:23 [INFO] Ticket gerado: 26FE1727 - Placa: UKJ3083
2025-05-08 18:42:26 [INFO] Ticket gerado: 474A2B47 - Placa: SCT9221
2025-05-08 18:42:28 [INFO] Ticket gerado: 2A62AEE1 - Placa: JLB0289
2025-05-08 18:42:30 [INFO] Ticket gerado: 0CCDDF75 - Placa: PZJ8469
2025-05-08 18:42:31 [INFO] Ticket gerado: 1FDF6B79 - Placa: TYL8372
2025-05-08 18:42:34 [INFO] Ticket gerado: 4EC22424 - Placa: GYU2974
2025-05-08 18:42:35 [INFO] Ticket gerado: 0BB8D8B9 - Placa: ONX9152
2025-05-08 18:42:36 [INFO] Ticket gerado: 988476AF - Placa: ZXM2586
2025-05-08 18:42:37 [INFO] Ticket gerado: 645194DB - Placa: ZBM6643
2025-05-08 18:43:47 [INFO] Pagamento Cartão registrado para ticket 1FDF6B79 - R$ 5.00
2025-05-09 11:02:31 [INFO] Pagamento PIX registrado para ticket ADEF9873 - R$ 25.00
2025-05-09 11:03:21 [INFO] Pagamento Cartão registrado para ticket 26FE1727 - R$ 25.00
2025-05-09 11:20:57 [INFO] Ticket gerado: BC529A5A - Placa: ZCX6006
2025-05-09 11:20:58 [INFO] Ticket gerado: 713E4011 - Placa: FVI0455
2025-05-09 11:21:00 [INFO] Ticket gerado: 958595F6 - Placa: NAV7715
2025-05-09 11:22:12 [INFO] Pagamento PIX registrado para ticket 474A2B47 - R$ 25.00
2025-05-09 11:22:20 [INFO] Ticket gerado: EBFFF06B - Placa: FVC4745
2025-05-09 11:22:25 [INFO] Pagamento Cartão registrado para ticket 0CCDDF75 - R$ 25.00
2025-05-09 11:23:01 [INFO] Ticket gerado: D5FD4238 - Placa: BHB8149
2025-05-09 11:25:24 [INFO] Pagamento Cartão registrado para ticket 2A62AEE1 - R$ 25.00
2025-05-09 11:25:46 [INFO] Pagamento Cartão registrado para ticket 958595F6 - R$ 5.00
2025-05-09 11:26:19 [INFO] Pagamento Cartão registrado para ticket D5FD4238 - R$ 5.00
2025-05-09 14:53:06 [INFO] Pagamento PIX registrado para ticket 0BB8D8B9 - R$ 25.00
